Build started 24/08/2015 16:19:49.
     1>Project "C:\Users\Shelley\Dropbox\Proyecto\Cuda\ejemplos\ceroMasUno\ceroMasUno\ceroMasUno.vcxproj" on node 2 (Build target(s)).
     1>AddCudaCompileDeps:
         C:\Program Files (x86)\Microsoft Visual Studio 12.0\VC\bin\cl.exe /E /nologo /showIncludes /TP /D__CUDACC__ /DWIN32 /D_DEBUG /D_CONSOLE /D_MBCS /I"C:\Program Files\NVIDIA GPU Computing Toolkit\CUDA\v6.5\include" /I"C:\Program Files\NVIDIA GPU Computing Toolkit\CUDA\v6.5\bin" /I"C:\Program Files\NVIDIA GPU Computing Toolkit\CUDA\v6.5\include" /I. /FIcuda_runtime.h /c C:\Users\Shelley\Dropbox\Proyecto\Cuda\ejemplos\ceroMasUno\ceroMasUno\kernel.cu 
       CudaBuild:
         Compiling CUDA source file kernel.cu...
         cmd.exe /C "C:\Users\Shelley\AppData\Local\Temp\tmpe6bf0c9538224aa38eb2cecdd3372d26.cmd"
         "C:\Program Files\NVIDIA GPU Computing Toolkit\CUDA\v6.5\bin\nvcc.exe" -gencode=arch=compute_20,code=\"sm_20,compute_20\" --use-local-env --cl-version 2013 -ccbin "C:\Program Files (x86)\Microsoft Visual Studio 12.0\VC\bin"  -I"C:\Program Files\NVIDIA GPU Computing Toolkit\CUDA\v6.5\include" -I"C:\Program Files\NVIDIA GPU Computing Toolkit\CUDA\v6.5\include"  -G   --keep-dir Debug -maxrregcount=0  --machine 32 --compile -cudart static  -g   -DWIN32 -D_DEBUG -D_CONSOLE -D_MBCS -Xcompiler "/EHsc /W3 /nologo /Od /Zi /RTC1 /MDd  " -o Debug\kernel.cu.obj "C:\Users\Shelley\Dropbox\Proyecto\Cuda\ejemplos\ceroMasUno\ceroMasUno\kernel.cu"
         
         C:\Users\Shelley\Dropbox\Proyecto\Cuda\ejemplos\ceroMasUno\ceroMasUno>"C:\Program Files\NVIDIA GPU Computing Toolkit\CUDA\v6.5\bin\nvcc.exe" -gencode=arch=compute_20,code=\"sm_20,compute_20\" --use-local-env --cl-version 2013 -ccbin "C:\Program Files (x86)\Microsoft Visual Studio 12.0\VC\bin"  -I"C:\Program Files\NVIDIA GPU Computing Toolkit\CUDA\v6.5\include" -I"C:\Program Files\NVIDIA GPU Computing Toolkit\CUDA\v6.5\include"  -G   --keep-dir Debug -maxrregcount=0  --machine 32 --compile -cudart static  -g   -DWIN32 -D_DEBUG -D_CONSOLE -D_MBCS -Xcompiler "/EHsc /W3 /nologo /Od /Zi /RTC1 /MDd  " -o Debug\kernel.cu.obj "C:\Users\Shelley\Dropbox\Proyecto\Cuda\ejemplos\ceroMasUno\ceroMasUno\kernel.cu" 
     1>C:/Users/Shelley/Dropbox/Proyecto/Cuda/ejemplos/ceroMasUno/ceroMasUno/kernel.cu(15): warning : variable "j" was declared but never referenced
     1>C:/Users/Shelley/Dropbox/Proyecto/Cuda/ejemplos/ceroMasUno/ceroMasUno/kernel.cu(67): error : expected a ";"
     1>C:/Users/Shelley/Dropbox/Proyecto/Cuda/ejemplos/ceroMasUno/ceroMasUno/kernel.cu(88): warning : parsing restarts here after previous syntax error
     1>C:/Users/Shelley/Dropbox/Proyecto/Cuda/ejemplos/ceroMasUno/ceroMasUno/kernel.cu(89): error : label "Error" was referenced but not defined
     1>C:/Users/Shelley/Dropbox/Proyecto/Cuda/ejemplos/ceroMasUno/ceroMasUno/kernel.cu(94): error : this declaration has no storage class or type specifier
     1>C:/Users/Shelley/Dropbox/Proyecto/Cuda/ejemplos/ceroMasUno/ceroMasUno/kernel.cu(94): error : identifier "dev_a" is undefined
     1>C:/Users/Shelley/Dropbox/Proyecto/Cuda/ejemplos/ceroMasUno/ceroMasUno/kernel.cu(94): error : identifier "a" is undefined
     1>C:/Users/Shelley/Dropbox/Proyecto/Cuda/ejemplos/ceroMasUno/ceroMasUno/kernel.cu(94): error : identifier "size" is undefined
     1>C:/Users/Shelley/Dropbox/Proyecto/Cuda/ejemplos/ceroMasUno/ceroMasUno/kernel.cu(95): error : expected a declaration
     1>C:/Users/Shelley/Dropbox/Proyecto/Cuda/ejemplos/ceroMasUno/ceroMasUno/kernel.cu(100): warning : parsing restarts here after previous syntax error
     1>C:/Users/Shelley/Dropbox/Proyecto/Cuda/ejemplos/ceroMasUno/ceroMasUno/kernel.cu(101): error : expected a declaration
     1>C:/Users/Shelley/Dropbox/Proyecto/Cuda/ejemplos/ceroMasUno/ceroMasUno/kernel.cu(111): warning : parsing restarts here after previous syntax error
     1>C:/Users/Shelley/Dropbox/Proyecto/Cuda/ejemplos/ceroMasUno/ceroMasUno/kernel.cu(114): error : this declaration has no storage class or type specifier
     1>C:/Users/Shelley/Dropbox/Proyecto/Cuda/ejemplos/ceroMasUno/ceroMasUno/kernel.cu(114): error : variable "cudaStatus" has already been defined
     1>C:/Users/Shelley/Dropbox/Proyecto/Cuda/ejemplos/ceroMasUno/ceroMasUno/kernel.cu(115): error : expected a declaration
     1>C:/Users/Shelley/Dropbox/Proyecto/Cuda/ejemplos/ceroMasUno/ceroMasUno/kernel.cu(122): warning : parsing restarts here after previous syntax error
     1>C:/Users/Shelley/Dropbox/Proyecto/Cuda/ejemplos/ceroMasUno/ceroMasUno/kernel.cu(123): error : expected a declaration
     1>C:/Users/Shelley/Dropbox/Proyecto/Cuda/ejemplos/ceroMasUno/ceroMasUno/kernel.cu(129): warning : parsing restarts here after previous syntax error
     1>C:/Users/Shelley/Dropbox/Proyecto/Cuda/ejemplos/ceroMasUno/ceroMasUno/kernel.cu(130): error : expected a declaration
     1>C:/Users/Shelley/Dropbox/Proyecto/Cuda/ejemplos/ceroMasUno/ceroMasUno/kernel.cu(136): warning : parsing restarts here after previous syntax error
     1>C:/Users/Shelley/Dropbox/Proyecto/Cuda/ejemplos/ceroMasUno/ceroMasUno/kernel.cu(137): error : this declaration has no storage class or type specifier
     1>C:/Users/Shelley/Dropbox/Proyecto/Cuda/ejemplos/ceroMasUno/ceroMasUno/kernel.cu(137): error : declaration is incompatible with "cudaError_t cudaFree(void *)"
     1>C:/Users/Shelley/Dropbox/Proyecto/Cuda/ejemplos/ceroMasUno/ceroMasUno/kernel.cu(139): error : expected a declaration
     1>C:/Users/Shelley/Dropbox/Proyecto/Cuda/ejemplos/ceroMasUno/ceroMasUno/kernel.cu(140): error : expected a declaration
         kernel.cu
     1>C:\Program Files (x86)\MSBuild\Microsoft.Cpp\v4.0\V120\BuildCustomizations\CUDA 6.5.targets(593,9): error MSB3721: The command ""C:\Program Files\NVIDIA GPU Computing Toolkit\CUDA\v6.5\bin\nvcc.exe" -gencode=arch=compute_20,code=\"sm_20,compute_20\" --use-local-env --cl-version 2013 -ccbin "C:\Program Files (x86)\Microsoft Visual Studio 12.0\VC\bin"  -I"C:\Program Files\NVIDIA GPU Computing Toolkit\CUDA\v6.5\include" -I"C:\Program Files\NVIDIA GPU Computing Toolkit\CUDA\v6.5\include"  -G   --keep-dir Debug -maxrregcount=0  --machine 32 --compile -cudart static  -g   -DWIN32 -D_DEBUG -D_CONSOLE -D_MBCS -Xcompiler "/EHsc /W3 /nologo /Od /Zi /RTC1 /MDd  " -o Debug\kernel.cu.obj "C:\Users\Shelley\Dropbox\Proyecto\Cuda\ejemplos\ceroMasUno\ceroMasUno\kernel.cu"" exited with code 2.
     1>Done Building Project "C:\Users\Shelley\Dropbox\Proyecto\Cuda\ejemplos\ceroMasUno\ceroMasUno\ceroMasUno.vcxproj" (Build target(s)) -- FAILED.

Build FAILED.

Time Elapsed 00:00:03.25
